0 info it worked if it ends with ok
1 verbose cli [ '/usr/local/Cellar/node/8.9.1/bin/node',
1 verbose cli   '/usr/local/lib/node_modules/tnpm/node_modules/_npm@3.10.10@npm/bin/npm-cli.js',
1 verbose cli   '--cache=/Users/ha/.tnpm',
1 verbose cli   '--tmp=/Users/ha/.tnpm_tmp',
1 verbose cli   '--no-proxy',
1 verbose cli   '--disturl=https://tnpm-hz.oss-cn-hangzhou.aliyuncs.com/dist/node',
1 verbose cli   '--userconfig=/Users/ha/.tnpmrc',
1 verbose cli   '--registry=http://registry.npm.alibaba-inc.com',
1 verbose cli   'run',
1 verbose cli   'dev' ]
2 info using npm@3.10.10
3 info using node@v8.9.1
4 verbose run-script [ 'predev', 'dev', 'postdev' ]
5 info lifecycle froggy-example@1.0.4~predev: froggy-example@1.0.4
6 silly lifecycle froggy-example@1.0.4~predev: no script for predev, continuing
7 info lifecycle froggy-example@1.0.4~dev: froggy-example@1.0.4
8 verbose lifecycle froggy-example@1.0.4~dev: unsafe-perm in lifecycle true
9 verbose lifecycle froggy-example@1.0.4~dev: PATH: /usr/local/lib/node_modules/tnpm/node_modules/_npm@3.10.10@npm/bin/node-gyp-bin:/Users/ha/Documents/Froggy/example/node_modules/.bin:/usr/local/Cellar/node/8.9.1/bin:/usr/local/bin:/usr/bin:/bin:/usr/sbin:/sbin:/usr/local/sbin:/Users/ha/Library/Android/sdk/platform-tools/:/Users/ha/Library/Android/sdk/platform-tools/:/Users/ha/Documents/boost_gradle_home:/Users/ha/Documents/gradle-2.14.1/bin
10 verbose lifecycle froggy-example@1.0.4~dev: CWD: /Users/ha/Documents/Froggy/example
11 silly lifecycle froggy-example@1.0.4~dev: Args: [ '-c', 'webpack-dev-server --mode=development' ]
12 silly lifecycle froggy-example@1.0.4~dev: Returned: code: 1  signal: null
13 info lifecycle froggy-example@1.0.4~dev: Failed to exec dev script
14 verbose stack Error: froggy-example@1.0.4 dev: `webpack-dev-server --mode=development`
14 verbose stack Exit status 1
14 verbose stack     at EventEmitter.<anonymous> (/usr/local/lib/node_modules/tnpm/node_modules/_npm@3.10.10@npm/lib/utils/lifecycle.js:255:16)
14 verbose stack     at emitTwo (events.js:126:13)
14 verbose stack     at EventEmitter.emit (events.js:214:7)
14 verbose stack     at ChildProcess.<anonymous> (/usr/local/lib/node_modules/tnpm/node_modules/_npm@3.10.10@npm/lib/utils/spawn.js:40:14)
14 verbose stack     at emitTwo (events.js:126:13)
14 verbose stack     at ChildProcess.emit (events.js:214:7)
14 verbose stack     at maybeClose (internal/child_process.js:925:16)
14 verbose stack     at Process.ChildProcess._handle.onexit (internal/child_process.js:209:5)
15 verbose pkgid froggy-example@1.0.4
16 verbose cwd /Users/ha/Documents/Froggy/example
17 error Darwin 17.4.0
18 error argv "/usr/local/Cellar/node/8.9.1/bin/node" "/usr/local/lib/node_modules/tnpm/node_modules/_npm@3.10.10@npm/bin/npm-cli.js" "--cache=/Users/ha/.tnpm" "--tmp=/Users/ha/.tnpm_tmp" "--no-proxy" "--disturl=https://tnpm-hz.oss-cn-hangzhou.aliyuncs.com/dist/node" "--userconfig=/Users/ha/.tnpmrc" "--registry=http://registry.npm.alibaba-inc.com" "run" "dev"
19 error node v8.9.1
20 error npm  v3.10.10
21 error code ELIFECYCLE
22 error froggy-example@1.0.4 dev: `webpack-dev-server --mode=development`
22 error Exit status 1
23 error Failed at the froggy-example@1.0.4 dev script 'webpack-dev-server --mode=development'.
23 error Make sure you have the latest version of node.js and npm installed.
23 error If you do, this is most likely a problem with the froggy-example package,
23 error not with npm itself.
23 error Tell the author that this fails on your system:
23 error     webpack-dev-server --mode=development
23 error You can get information on how to open an issue for this project with:
23 error     npm bugs froggy-example
23 error Or if that isn't available, you can get their info via:
23 error     npm owner ls froggy-example
23 error There is likely additional logging output above.
24 verbose exit [ 1, true ]
